<?xml version="1.0" encoding="UTF-8"?>
<testng-results skipped="0" failed="0" ignored="0" total="0" passed="0">
  <reporter-output>
  </reporter-output>
  <suite name="cucumberOptions.TestRunner" duration-ms="8" started-at="2021-09-03T18:25:31Z" finished-at="2021-09-03T18:25:31Z">
    <groups>
    </groups>
    <test name="Command line test" duration-ms="8" started-at="2021-09-03T18:25:31Z" finished-at="2021-09-03T18:25:31Z">
    </test> <!-- Command line test -->
  </suite> <!-- cucumberOptions.TestRunner -->
</testng-results>
